<?xml version="1.0" encoding="UTF-8"?>
<!-- Generated by org.testng.reporters.JUnitReportReporter -->
<testsuite hostname="LAPTOP-BEMF2J58" failures="0" tests="1" name="TestScenarios.TestMethods" time="0.317" errors="0" timestamp="2024-10-13T22:27:43 MESZ" skipped="0">
  <testcase classname="TestScenarios.TestMethods" name="ConnectDatabase" time="0.317"/>
</testsuite> <!-- TestScenarios.TestMethods -->
